<?xml version="1.0" encoding="UTF-8"?>
<testsuite xmlns:xsi="http://www.w3.org/2001/XMLSchema-instance" xsi:noNamespaceSchemaLocation="https://maven.apache.org/surefire/maven-surefire-plugin/xsd/surefire-test-report.xsd" name="com.example.springdemo.MyTest" time="6.926" tests="15" errors="0" skipped="0" failures="0">
  <properties>
[...]
</properties>
  <testcase name="shouldReturnUserListWhenQueryUserList" classname="com.example.springdemo.MyTest" time="0.085"/>
  <testcase name="shouldReturnOneWhenModifyProjectInfoSuccessfully" classname="com.example.springdemo.MyTest" time="0.005"/>
  <testcase name="shouldHandleDatabaseExceptionOnDelete" classname="com.example.springdemo.MyTest" time="0.007"/>
  <testcase name="shouldHandleDatabaseExceptionOnModify" classname="com.example.springdemo.MyTest" time="0.004"/>
  <testcase name="shouldReturnThreeWhenAddProjectInfoSuccessfully" classname="com.example.springdemo.MyTest" time="0.216"/>
  <testcase name="shouldReturnOneWhenDeleteProjectByIdSuccessfully" classname="com.example.springdemo.MyTest" time="0.005"/>
  <testcase name="shouldHandleDatabaseException" classname="com.example.springdemo.MyTest" time="0.004"/>
  <testcase name="shouldHandleDatabaseExceptionOnQueryUserList" classname="com.example.springdemo.MyTest" time="0.003"/>
  <testcase name="shouldReturnOneWhenUserModifiedSuccessfully" classname="com.example.springdemo.MyTest" time="0.005"/>
  <testcase name="shouldReturnUserListWhenSelectUserInfo" classname="com.example.springdemo.MyTest" time="0.004"/>
  <testcase name="shouldReturnZeroWhenInsertProject" classname="com.example.springdemo.MyTest" time="0.006"/>
  <testcase name="shouldReturnProjectListWhenQueryProjectList" classname="com.example.springdemo.MyTest" time="0.004"/>
  <testcase name="shouldReturnThreeWhenUserAddedSuccessfully" classname="com.example.springdemo.MyTest" time="0.005"/>
  <testcase name="shouldHandleDatabaseExceptionOnSelectUserInfo" classname="com.example.springdemo.MyTest" time="0.005"/>
  <testcase name="shouldReturnOneWhenUserDeletedSuccessfully" classname="com.example.springdemo.MyTest" time="0.005"/>
</testsuite>